<?xml version="1.0" encoding="UTF-8"?>
<testng-results skipped="0" failed="0" ignored="0" total="1" passed="1">
  <reporter-output>
  </reporter-output>
  <suite name="Default suite" duration-ms="18351" started-at="2019-02-16T16:43:15Z" finished-at="2019-02-16T16:43:33Z">
    <groups>
    </groups>
    <test name="Default test" duration-ms="18351" started-at="2019-02-16T16:43:15Z" finished-at="2019-02-16T16:43:33Z">
      <class name="com.training.sanity.tests.AdminLogOutTest">
        <test-method status="PASS" signature="setUpBeforeClass()[pri:0, instance:com.training.sanity.tests.AdminLogOutTest@68c4039c]" name="setUpBeforeClass" is-config="true" duration-ms="14" started-at="2019-02-16T16:43:15Z" finished-at="2019-02-16T16:43:15Z">
          <reporter-output>
          </reporter-output>
        </test-method> <!-- setUpBeforeClass -->
        <test-method status="PASS" signature="setUp()[pri:0, instance:com.training.sanity.tests.AdminLogOutTest@68c4039c]" name="setUp" is-config="true" duration-ms="14127" started-at="2019-02-16T16:43:15Z" finished-at="2019-02-16T16:43:29Z">
          <reporter-output>
          </reporter-output>
        </test-method> <!-- setUp -->
        <test-method status="PASS" signature="adminLogout()[pri:1, instance:com.training.sanity.tests.AdminLogOutTest@68c4039c]" name="adminLogout" duration-ms="2242" started-at="2019-02-16T16:43:29Z" finished-at="2019-02-16T16:43:31Z">
          <reporter-output>
          </reporter-output>
        </test-method> <!-- adminLogout -->
        <test-method status="PASS" signature="tearDown()[pri:0, instance:com.training.sanity.tests.AdminLogOutTest@68c4039c]" name="tearDown" is-config="true" duration-ms="1939" started-at="2019-02-16T16:43:31Z" finished-at="2019-02-16T16:43:33Z">
          <reporter-output>
          </reporter-output>
        </test-method> <!-- tearDown -->
      </class> <!-- com.training.sanity.tests.AdminLogOutTest -->
    </test> <!-- Default test -->
  </suite> <!-- Default suite -->
</testng-results>
