<?xml version="1.0" encoding="UTF-8"?>
<testng-results skipped="0" failed="0" ignored="0" total="1" passed="1">
  <reporter-output>
  </reporter-output>
  <suite name="Default suite" duration-ms="15098" started-at="2019-02-27T11:02:20Z" finished-at="2019-02-27T11:02:35Z">
    <groups>
    </groups>
    <test name="Default test" duration-ms="15098" started-at="2019-02-27T11:02:20Z" finished-at="2019-02-27T11:02:35Z">
      <class name="com.training.sanity.tests.UNF_060_SendEmailMarketing_Test">
        <test-method status="PASS" signature="setUpBeforeClass()[pri:0, instance:com.training.sanity.tests.UNF_060_SendEmailMarketing_Test@26653222]" name="setUpBeforeClass" is-config="true" duration-ms="11347" started-at="2019-02-27T11:02:20Z" finished-at="2019-02-27T11:02:31Z">
          <reporter-output>
          </reporter-output>
        </test-method> <!-- setUpBeforeClass -->
        <test-method status="PASS" signature="addDiscountToProduct()[pri:0, instance:com.training.sanity.tests.UNF_060_SendEmailMarketing_Test@26653222]" name="addDiscountToProduct" duration-ms="3718" started-at="2019-02-27T11:02:31Z" finished-at="2019-02-27T11:02:35Z">
          <reporter-output>
          </reporter-output>
        </test-method> <!-- addDiscountToProduct -->
      </class> <!-- com.training.sanity.tests.UNF_060_SendEmailMarketing_Test -->
    </test> <!-- Default test -->
  </suite> <!-- Default suite -->
</testng-results>
